============================================================
  Generated by:           Genus(TM) Synthesis Solution 20.11-s111_1
  Generated on:           Dec 29 2023  12:06:38 pm
  Module:                 asic_top
  Technology library:     sky130_fd_sc_hd__tt_025C_1v80 1.0000000000
  Operating conditions:   tt_025C_1v80 (balanced_tree)
  Wireload mode:          top
  Area mode:              timing library
============================================================

	Timing
	------

 Slack                 Endpoint               Cost Group 
--------------------------------------------------------------
+1150ps mest_pro/mac_unit/registerC_reg[31]/D CLK100MHZ  


	Area
	----

Instance Module  Cell Count  Cell Area  Net Area   Total Area  Wireload  
-------------------------------------------------------------------------
asic_top               9873 153786.243     0.000   153786.243 Small (D)  
  (D) = wireload is default in technology library
  (T) = wireload mode is 'top'

	Design Rule Check
	-----------------

Max_transition design rule: no violations.

Max_capacitance design rule: no violations.



